<?xml version="1.0" encoding="UTF-8"?>
<!-- Generated by org.testng.reporters.JUnitReportReporter -->
<testsuite hostname="INLEN8520045792" failures="0" tests="10" name="runner.TestRunner" time="3.508" errors="0" timestamp="2022-08-17T10:41:33 IST" skipped="0">
  <testcase classname="runner.TestRunner" name="runScenario" time="0.127"/>
  <system-out/>
  <testcase classname="runner.TestRunner" name="runScenario" time="0.209"/>
  <system-out/>
  <testcase classname="runner.TestRunner" name="runScenario" time="1.529"/>
  <system-out/>
  <testcase classname="runner.TestRunner" name="runScenario" time="0.201"/>
  <system-out/>
  <testcase classname="runner.TestRunner" name="runScenario" time="0.203"/>
  <system-out/>
  <testcase classname="runner.TestRunner" name="runScenario" time="0.678"/>
  <system-out/>
  <testcase classname="runner.TestRunner" name="runScenario" time="0.220"/>
  <system-out/>
  <testcase classname="runner.TestRunner" name="runScenario" time="0.106"/>
  <system-out/>
  <testcase classname="runner.TestRunner" name="runScenario" time="0.131"/>
  <system-out/>
  <testcase classname="runner.TestRunner" name="runScenario" time="0.104"/>
  <system-out/>
</testsuite> <!-- runner.TestRunner -->
